app/build/intermediates/manifest_merge_blame_file/debug/processDebugMainManifest/manifest-merger-blame-debug-report.txt
1<?xml version="1.0" encoding="utf-8"?>
2<manifest xmlns:android="http://schemas.android.com/apk/res/android"
3    package="com.example.decoroutinatortest"
4    android:versionCode="1"
5    android:versionName="1.0" >
6
7    <uses-sdk
8        android:minSdkVersion="24"
9        android:targetSdkVersion="35" />
10
11    <permission
11-->[androidx.core:core:1.15.0] AndroidManifest.xml:22:5-24:47
12        android:name="com.example.decoroutinatortest.DYNAMIC_RECEIVER_NOT_EXPORTED_PERMISSION"
12-->[androidx.core:core:1.15.0] AndroidManifest.xml:23:9-81
13        android:protectionLevel="signature" />
13-->[androidx.core:core:1.15.0] AndroidManifest.xml:24:9-44
14
15    <uses-permission android:name="com.example.decoroutinatortest.DYNAMIC_RECEIVER_NOT_EXPORTED_PERMISSION" />
15-->[androidx.core:core:1.15.0] AndroidManifest.xml:26:5-97
15-->[androidx.core:core:1.15.0] AndroidManifest.xml:26:22-94
16
17    <application
17-->src/main/AndroidManifest.xml:3:5-5:19
18        android:appComponentFactory="androidx.core.app.CoreComponentFactory"
18-->[androidx.core:core:1.15.0] AndroidManifest.xml:28:18-86
19        android:debuggable="true"
20        android:extractNativeLibs="false"
21        android:label="DecoroutinatorTest" >
21-->src/main/AndroidManifest.xml:4:9-43
22        <provider
22-->[androidx.profileinstaller:profileinstaller:1.3.0] AndroidManifest.xml:24:9-32:20
23            android:name="androidx.startup.InitializationProvider"
23-->[androidx.profileinstaller:profileinstaller:1.3.0] AndroidManifest.xml:25:13-67
24            android:authorities="com.example.decoroutinatortest.androidx-startup"
24-->[androidx.profileinstaller:profileinstaller:1.3.0] AndroidManifest.xml:26:13-68
25            android:exported="false" >
25-->[androidx.profileinstaller:profileinstaller:1.3.0] AndroidManifest.xml:27:13-37
26            <meta-data
26-->[androidx.profileinstaller:profileinstaller:1.3.0] AndroidManifest.xml:29:13-31:52
27                android:name="androidx.profileinstaller.ProfileInstallerInitializer"
27-->[androidx.profileinstaller:profileinstaller:1.3.0] AndroidManifest.xml:30:17-85
28                android:value="androidx.startup" />
28-->[androidx.profileinstaller:profileinstaller:1.3.0] AndroidManifest.xml:31:17-49
29        </provider>
30
31        <receiver
31-->[androidx.profileinstaller:profileinstaller:1.3.0] AndroidManifest.xml:34:9-52:20
32            android:name="androidx.profileinstaller.ProfileInstallReceiver"
32-->[androidx.profileinstaller:profileinstaller:1.3.0] AndroidManifest.xml:35:13-76
33            android:directBootAware="false"
33-->[androidx.profileinstaller:profileinstaller:1.3.0] AndroidManifest.xml:36:13-44
34            android:enabled="true"
34-->[androidx.profileinstaller:profileinstaller:1.3.0] AndroidManifest.xml:37:13-35
35            android:exported="true"
35-->[androidx.profileinstaller:profileinstaller:1.3.0] AndroidManifest.xml:38:13-36
36            android:permission="android.permission.DUMP" >
36-->[androidx.profileinstaller:profileinstaller:1.3.0] AndroidManifest.xml:39:13-57
37            <intent-filter>
37-->[androidx.profileinstaller:profileinstaller:1.3.0] AndroidManifest.xml:40:13-42:29
38                <action android:name="androidx.profileinstaller.action.INSTALL_PROFILE" />
38-->[androidx.profileinstaller:profileinstaller:1.3.0] AndroidManifest.xml:41:17-91
38-->[androidx.profileinstaller:profileinstaller:1.3.0] AndroidManifest.xml:41:25-88
39            </intent-filter>
40            <intent-filter>
40-->[androidx.profileinstaller:profileinstaller:1.3.0] AndroidManifest.xml:43:13-45:29
41                <action android:name="androidx.profileinstaller.action.SKIP_FILE" />
41-->[androidx.profileinstaller:profileinstaller:1.3.0] AndroidManifest.xml:44:17-85
41-->[androidx.profileinstaller:profileinstaller:1.3.0] AndroidManifest.xml:44:25-82
42            </intent-filter>
43            <intent-filter>
43-->[androidx.profileinstaller:profileinstaller:1.3.0] AndroidManifest.xml:46:13-48:29
44                <action android:name="androidx.profileinstaller.action.SAVE_PROFILE" />
44-->[androidx.profileinstaller:profileinstaller:1.3.0] AndroidManifest.xml:47:17-88
44-->[androidx.profileinstaller:profileinstaller:1.3.0] AndroidManifest.xml:47:25-85
45            </intent-filter>
46            <intent-filter>
46-->[androidx.profileinstaller:profileinstaller:1.3.0] AndroidManifest.xml:49:13-51:29
47                <action android:name="androidx.profileinstaller.action.BENCHMARK_OPERATION" />
47-->[androidx.profileinstaller:profileinstaller:1.3.0] AndroidManifest.xml:50:17-95
47-->[androidx.profileinstaller:profileinstaller:1.3.0] AndroidManifest.xml:50:25-92
48            </intent-filter>
49        </receiver>
50    </application>
51
52</manifest>